[debug] [2022-11-12T17:09:30.493Z] ----------------------------------------------------------------------
[debug] [2022-11-12T17:09:30.495Z] Command:       C:\Program Files\nodejs\node.exe C:\Users\ADMIN\AppData\Roaming\npm\node_modules\firebase-tools\lib\bin\firebase.js init
[debug] [2022-11-12T17:09:30.496Z] CLI Version:   11.16.0
[debug] [2022-11-12T17:09:30.496Z] Platform:      win32
[debug] [2022-11-12T17:09:30.496Z] Node Version:  v14.20.0
[debug] [2022-11-12T17:09:30.497Z] Time:          Sun Nov 13 2022 00:09:30 GMT+0700 (Indochina Time)
[debug] [2022-11-12T17:09:30.497Z] ----------------------------------------------------------------------
[debug] 
[debug] [2022-11-12T17:09:30.508Z] > command requires scopes: ["email","openid","https://www.googleapis.com/auth/cloudplatformprojects.readonly","https://www.googleapis.com/auth/firebase","https://www.googleapis.com/auth/cloud-platform"]
[debug] [2022-11-12T17:09:30.508Z] > authorizing via signed-in user (lamnthe151434@fpt.edu.vn)
[info] 
     ######## #### ########  ######## ########     ###     ######  ########
     ##        ##  ##     ## ##       ##     ##  ##   ##  ##       ##
     ######    ##  ########  ######   ########  #########  ######  ######
     ##        ##  ##    ##  ##       ##     ## ##     ##       ## ##
     ##       #### ##     ## ######## ########  ##     ##  ######  ########

You're about to initialize a Firebase project in this directory:

  C:\Users\ADMIN\Documents\REACT-PROJECTS\food-delivery-app\food-delivery-fontend

[info] 
=== Project Setup
[info] 
[info] First, let's associate this project directory with a Firebase project.
[info] You can create multiple project aliases by running firebase use --add, 
[info] but for now we'll just set up a default project.
[info] 
[info] i  If you want to create a project in a Google Cloud organization or folder, please use "firebase projects:create" instead, and return to this command when you've created the project. 
[debug] [2022-11-12T17:10:45.047Z] >>> [apiv2][query] POST https://cloudresourcemanager.googleapis.com/v1/projects [none]
[debug] [2022-11-12T17:10:45.049Z] >>> [apiv2][body] POST https://cloudresourcemanager.googleapis.com/v1/projects {"projectId":"808106","name":"808106"}
[debug] [2022-11-12T17:10:46.177Z] <<< [apiv2][status] POST https://cloudresourcemanager.googleapis.com/v1/projects 400
[debug] [2022-11-12T17:10:46.178Z] <<< [apiv2][body] POST https://cloudresourcemanager.googleapis.com/v1/projects {"error":{"code":400,"message":"field [project_id] has issue [project_id contains invalid characters]","status":"INVALID_ARGUMENT","details":[{"@type":"type.googleapis.com/google.rpc.BadRequest","fieldViolations":[{"field":"project_id","description":"project_id contains invalid characters"}]},{"@type":"type.googleapis.com/google.rpc.Help","links":[{"url":"https://cloud.google.com/resource-manager/reference/rest/v1/projects"}]}]}}
[debug] [2022-11-12T17:10:46.410Z] FirebaseError: HTTP Error: 400, field [project_id] has issue [project_id contains invalid characters]
    at responseToError (C:\Users\ADMIN\AppData\Roaming\npm\node_modules\firebase-tools\lib\responseToError.js:49:12)
    at RetryOperation._fn (C:\Users\ADMIN\AppData\Roaming\npm\node_modules\firebase-tools\lib\apiv2.js:288:77)
    at processTicksAndRejections (internal/process/task_queues.js:95:5)
[error] 
[error] Error: Failed to create project. See firebase-debug.log for more info.
